{"D:\\usil\\userboot\\nodeboot-spa-server\\src\\lib\\argvs.js": {"path":"D:\\usil\\userboot\\nodeboot-spa-server\\src\\lib\\argvs.js","statementMap":{"0":{"start":{"line":1,"column":13},"end":{"line":49,"column":1}},"1":{"start":{"line":2,"column":17},"end":{"line":2,"column":19}},"2":{"start":{"line":3,"column":19},"end":{"line":11,"column":3}},"3":{"start":{"line":13,"column":2},"end":{"line":25,"column":4}},"4":{"start":{"line":14,"column":4},"end":{"line":16,"column":5}},"5":{"start":{"line":15,"column":6},"end":{"line":15,"column":20}},"6":{"start":{"line":17,"column":4},"end":{"line":19,"column":5}},"7":{"start":{"line":18,"column":6},"end":{"line":18,"column":22}},"8":{"start":{"line":20,"column":4},"end":{"line":22,"column":5}},"9":{"start":{"line":21,"column":6},"end":{"line":21,"column":23}},"10":{"start":{"line":24,"column":4},"end":{"line":24,"column":54}},"11":{"start":{"line":27,"column":2},"end":{"line":38,"column":3}},"12":{"start":{"line":28,"column":4},"end":{"line":37,"column":5}},"13":{"start":{"line":29,"column":6},"end":{"line":35,"column":20}},"14":{"start":{"line":36,"column":6},"end":{"line":36,"column":22}},"15":{"start":{"line":40,"column":2},"end":{"line":42,"column":3}},"16":{"start":{"line":41,"column":4},"end":{"line":41,"column":59}},"17":{"start":{"line":44,"column":2},"end":{"line":46,"column":3}},"18":{"start":{"line":45,"column":4},"end":{"line":45,"column":48}},"19":{"start":{"line":48,"column":2},"end":{"line":48,"column":16}},"20":{"start":{"line":51,"column":0},"end":{"line":51,"column":22}}},"fnMap":{"0":{"name":"(anonymous_0)","decl":{"start":{"line":1,"column":13},"end":{"line":1,"column":14}},"loc":{"start":{"line":1,"column":19},"end":{"line":49,"column":1}},"line":1},"1":{"name":"(anonymous_1)","decl":{"start":{"line":13,"column":28},"end":{"line":13,"column":29}},"loc":{"start":{"line":13,"column":38},"end":{"line":25,"column":3}},"line":13},"2":{"name":"(anonymous_2)","decl":{"start":{"line":27,"column":25},"end":{"line":27,"column":26}},"loc":{"start":{"line":27,"column":35},"end":{"line":38,"column":3}},"line":27},"3":{"name":"(anonymous_3)","decl":{"start":{"line":40,"column":19},"end":{"line":40,"column":20}},"loc":{"start":{"line":40,"column":29},"end":{"line":42,"column":3}},"line":40},"4":{"name":"(anonymous_4)","decl":{"start":{"line":44,"column":27},"end":{"line":44,"column":28}},"loc":{"start":{"line":44,"column":37},"end":{"line":46,"column":3}},"line":44}},"branchMap":{"0":{"loc":{"start":{"line":14,"column":4},"end":{"line":16,"column":5}},"type":"if","locations":[{"start":{"line":14,"column":4},"end":{"line":16,"column":5}},{"start":{},"end":{}}],"line":14},"1":{"loc":{"start":{"line":17,"column":4},"end":{"line":19,"column":5}},"type":"if","locations":[{"start":{"line":17,"column":4},"end":{"line":19,"column":5}},{"start":{},"end":{}}],"line":17},"2":{"loc":{"start":{"line":20,"column":4},"end":{"line":22,"column":5}},"type":"if","locations":[{"start":{"line":20,"column":4},"end":{"line":22,"column":5}},{"start":{},"end":{}}],"line":20},"3":{"loc":{"start":{"line":28,"column":4},"end":{"line":37,"column":5}},"type":"if","locations":[{"start":{"line":28,"column":4},"end":{"line":37,"column":5}},{"start":{},"end":{}}],"line":28},"4":{"loc":{"start":{"line":28,"column":8},"end":{"line":28,"column":27}},"type":"binary-expr","locations":[{"start":{"line":28,"column":8},"end":{"line":28,"column":14}},{"start":{"line":28,"column":18},"end":{"line":28,"column":27}}],"line":28},"5":{"loc":{"start":{"line":41,"column":11},"end":{"line":41,"column":58}},"type":"binary-expr","locations":[{"start":{"line":41,"column":11},"end":{"line":41,"column":17}},{"start":{"line":41,"column":21},"end":{"line":41,"column":30}},{"start":{"line":41,"column":34},"end":{"line":41,"column":50}},{"start":{"line":41,"column":54},"end":{"line":41,"column":58}}],"line":41},"6":{"loc":{"start":{"line":45,"column":11},"end":{"line":45,"column":47}},"type":"binary-expr","locations":[{"start":{"line":45,"column":11},"end":{"line":45,"column":17}},{"start":{"line":45,"column":21},"end":{"line":45,"column":34}},{"start":{"line":45,"column":38},"end":{"line":45,"column":47}}],"line":45}},"s":{"0":1,"1":13,"2":13,"3":13,"4":4,"5":1,"6":3,"7":1,"8":2,"9":1,"10":1,"11":13,"12":3,"13":2,"14":2,"15":13,"16":3,"17":13,"18":3,"19":13,"20":1},"f":{"0":13,"1":4,"2":3,"3":3,"4":3},"b":{"0":[1,3],"1":[1,2],"2":[1,1],"3":[2,1],"4":[3,2],"5":[3,2,1,1],"6":[3,2,1]},"_coverageSchema":"1a1c01bbd47fc00a2c39e90264f33305004495a9","hash":"293d2905562a32aaa20230a2897ee355d3576312"}
,"D:\\usil\\userboot\\nodeboot-spa-server\\src\\server\\serve.js": {"path":"D:\\usil\\userboot\\nodeboot-spa-server\\src\\server\\serve.js","statementMap":{"0":{"start":{"line":1,"column":26},"end":{"line":1,"column":39}},"1":{"start":{"line":2,"column":13},"end":{"line":2,"column":28}},"2":{"start":{"line":3,"column":20},"end":{"line":3,"column":60}},"3":{"start":{"line":4,"column":15},"end":{"line":4,"column":37}},"4":{"start":{"line":5,"column":16},"end":{"line":5,"column":34}},"5":{"start":{"line":7,"column":20},"end":{"line":7,"column":37}},"6":{"start":{"line":9,"column":20},"end":{"line":45,"column":1}},"7":{"start":{"line":10,"column":2},"end":{"line":44,"column":3}},"8":{"start":{"line":11,"column":19},"end":{"line":11,"column":21}},"9":{"start":{"line":13,"column":4},"end":{"line":21,"column":5}},"10":{"start":{"line":14,"column":6},"end":{"line":14,"column":100}},"11":{"start":{"line":16,"column":6},"end":{"line":20,"column":7}},"12":{"start":{"line":17,"column":8},"end":{"line":19,"column":9}},"13":{"start":{"line":18,"column":10},"end":{"line":18,"column":66}},"14":{"start":{"line":22,"column":4},"end":{"line":24,"column":7}},"15":{"start":{"line":23,"column":6},"end":{"line":23,"column":32}},"16":{"start":{"line":26,"column":4},"end":{"line":38,"column":5}},"17":{"start":{"line":27,"column":6},"end":{"line":33,"column":9}},"18":{"start":{"line":28,"column":8},"end":{"line":32,"column":11}},"19":{"start":{"line":28,"column":37},"end":{"line":28,"column":61}},"20":{"start":{"line":29,"column":12},"end":{"line":29,"column":102}},"21":{"start":{"line":31,"column":12},"end":{"line":31,"column":102}},"22":{"start":{"line":35,"column":6},"end":{"line":37,"column":8}},"23":{"start":{"line":39,"column":19},"end":{"line":39,"column":108}},"24":{"start":{"line":39,"column":42},"end":{"line":39,"column":107}},"25":{"start":{"line":40,"column":4},"end":{"line":40,"column":27}},"26":{"start":{"line":42,"column":4},"end":{"line":42,"column":35}},"27":{"start":{"line":43,"column":4},"end":{"line":43,"column":21}},"28":{"start":{"line":47,"column":0},"end":{"line":47,"column":29}}},"fnMap":{"0":{"name":"(anonymous_0)","decl":{"start":{"line":9,"column":20},"end":{"line":9,"column":21}},"loc":{"start":{"line":9,"column":92},"end":{"line":45,"column":1}},"line":9},"1":{"name":"(anonymous_1)","decl":{"start":{"line":22,"column":30},"end":{"line":22,"column":31}},"loc":{"start":{"line":22,"column":49},"end":{"line":24,"column":5}},"line":22},"2":{"name":"(anonymous_2)","decl":{"start":{"line":27,"column":19},"end":{"line":27,"column":20}},"loc":{"start":{"line":27,"column":33},"end":{"line":33,"column":7}},"line":27},"3":{"name":"(anonymous_3)","decl":{"start":{"line":28,"column":30},"end":{"line":28,"column":31}},"loc":{"start":{"line":28,"column":37},"end":{"line":28,"column":61}},"line":28},"4":{"name":"(anonymous_4)","decl":{"start":{"line":39,"column":36},"end":{"line":39,"column":37}},"loc":{"start":{"line":39,"column":42},"end":{"line":39,"column":107}},"line":39}},"branchMap":{"0":{"loc":{"start":{"line":13,"column":4},"end":{"line":21,"column":5}},"type":"if","locations":[{"start":{"line":13,"column":4},"end":{"line":21,"column":5}},{"start":{"line":15,"column":11},"end":{"line":21,"column":5}}],"line":13},"1":{"loc":{"start":{"line":17,"column":8},"end":{"line":19,"column":9}},"type":"if","locations":[{"start":{"line":17,"column":8},"end":{"line":19,"column":9}},{"start":{},"end":{}}],"line":17},"2":{"loc":{"start":{"line":26,"column":4},"end":{"line":38,"column":5}},"type":"if","locations":[{"start":{"line":26,"column":4},"end":{"line":38,"column":5}},{"start":{"line":34,"column":11},"end":{"line":38,"column":5}}],"line":26},"3":{"loc":{"start":{"line":28,"column":8},"end":{"line":32,"column":11}},"type":"if","locations":[{"start":{"line":28,"column":8},"end":{"line":32,"column":11}},{"start":{"line":30,"column":17},"end":{"line":32,"column":11}}],"line":28}},"s":{"0":1,"1":1,"2":1,"3":1,"4":1,"5":1,"6":1,"7":5,"8":5,"9":5,"10":3,"11":2,"12":474,"13":6,"14":4,"15":1,"16":4,"17":1,"18":3,"19":36,"20":1,"21":2,"22":3,"23":4,"24":0,"25":4,"26":1,"27":1,"28":1},"f":{"0":5,"1":1,"2":3,"3":36,"4":0},"b":{"0":[3,2],"1":[6,468],"2":[1,3],"3":[1,2]},"_coverageSchema":"1a1c01bbd47fc00a2c39e90264f33305004495a9","hash":"eaa14c1b85da02aa2bfa7d6d04215a817e46977f"}
}
