TN:
SF:src/lib/argvs.js
FN:1,(anonymous_0)
FN:13,(anonymous_1)
FN:27,(anonymous_2)
FN:40,(anonymous_3)
FN:44,(anonymous_4)
FNF:5
FNH:5
FNDA:13,(anonymous_0)
FNDA:4,(anonymous_1)
FNDA:3,(anonymous_2)
FNDA:3,(anonymous_3)
FNDA:3,(anonymous_4)
DA:1,1
DA:2,13
DA:3,13
DA:13,13
DA:14,4
DA:15,1
DA:17,3
DA:18,1
DA:20,2
DA:21,1
DA:24,1
DA:27,13
DA:28,3
DA:29,2
DA:36,2
DA:40,13
DA:41,3
DA:44,13
DA:45,3
DA:48,13
DA:51,1
LF:21
LH:21
BRDA:14,0,0,1
BRDA:14,0,1,3
BRDA:17,1,0,1
BRDA:17,1,1,2
BRDA:20,2,0,1
BRDA:20,2,1,1
BRDA:28,3,0,2
BRDA:28,3,1,1
BRDA:28,4,0,3
BRDA:28,4,1,2
BRDA:41,5,0,3
BRDA:41,5,1,2
BRDA:41,5,2,1
BRDA:41,5,3,1
BRDA:45,6,0,3
BRDA:45,6,1,2
BRDA:45,6,2,1
BRF:17
BRH:17
end_of_record
TN:
SF:src/server/serve.js
FN:9,(anonymous_0)
FN:22,(anonymous_1)
FN:27,(anonymous_2)
FN:28,(anonymous_3)
FN:39,(anonymous_4)
FNF:5
FNH:4
FNDA:5,(anonymous_0)
FNDA:1,(anonymous_1)
FNDA:3,(anonymous_2)
FNDA:36,(anonymous_3)
FNDA:0,(anonymous_4)
DA:1,1
DA:2,1
DA:3,1
DA:4,1
DA:5,1
DA:7,1
DA:9,1
DA:10,5
DA:11,5
DA:13,5
DA:14,3
DA:16,2
DA:17,220
DA:18,4
DA:22,4
DA:23,1
DA:26,4
DA:27,1
DA:28,36
DA:29,1
DA:31,2
DA:35,3
DA:39,4
DA:40,4
DA:42,1
DA:43,1
DA:47,1
LF:27
LH:27
BRDA:13,0,0,3
BRDA:13,0,1,2
BRDA:17,1,0,4
BRDA:17,1,1,216
BRDA:26,2,0,1
BRDA:26,2,1,3
BRDA:28,3,0,1
BRDA:28,3,1,2
BRF:8
BRH:8
end_of_record
